<?xml version="1.0" encoding="UTF-8"?>
<!-- Generated by org.testng.reporters.JUnitXMLReporter -->
<testsuite hostname="USBLRPKATARIAS1" name="ChromeTest" tests="2" failures="1" timestamp="25 Sep 2016 18:01:02 GMT" time="277.102" errors="0">
  <testcase name="MultipleLoginActitime" time="16.634" classname="com.Orange.HRMS.MainFunctions.Delta"/>
  <testcase name="MultipleLoginActitime" time="71.809" classname="com.Orange.HRMS.MainFunctions.Delta">
    <failure type="org.openqa.selenium.NoSuchElementException" message="Cannot locate element with text: All
For documentation on this error, please visit: http://seleniumhq.org/exceptions/no_such_element.html
Build info: version: &amp;apos;2.53.1&amp;apos;, revision: &amp;apos;a36b8b1&amp;apos;, time: &amp;apos;2016-06-30 17:37:03&amp;apos;
System info: host: &amp;apos;USBLRPKATARIAS1&amp;apos;, ip: &amp;apos;192.168.0.101&amp;apos;, os.name: &amp;apos;Windows 10&amp;apos;, os.arch: &amp;apos;amd64&amp;apos;, os.version: &amp;apos;10.0&amp;apos;, java.version: &amp;apos;1.8.0_101&amp;apos;
Driver info: driver.version: unknown">
      <![CDATA[org.openqa.selenium.NoSuchElementException: Cannot locate element with text: All
For documentation on this error, please visit: http://seleniumhq.org/exceptions/no_such_element.html
Build info: version: '2.53.1', revision: 'a36b8b1', time: '2016-06-30 17:37:03'
System info: host: 'USBLRPKATARIAS1', ip: '192.168.0.101', os.name: 'Windows 10', os.arch: 'amd64', os.version: '10.0', java.version: '1.8.0_101'
Driver info: driver.version: unknown
	at org.openqa.selenium.support.ui.Select.selectByVisibleText(Select.java:150)
	at com.Orange.HRMS.MainFunctions.KeywordLib.select(KeywordLib.java:35)
	at com.Orange.HRMS.MainFunctions.KeyWord.ExecuteKeyWord(KeyWord.java:30)
	at com.Orange.HRMS.MainFunctions.Delta.MultipleLoginActitime(Delta.java:174)
	at java.util.concurrent.FutureTask.run(Unknown Source)
	at java.util.concurrent.ThreadPoolExecutor.runWorker(Unknown Source)
	at java.util.concurrent.ThreadPoolExecutor$Worker.run(Unknown Source)
	at java.lang.Thread.run(Unknown Source)
... Removed 16 stack frames]]>
    </failure>
  </testcase> <!-- MultipleLoginActitime -->
</testsuite> <!-- ChromeTest -->
